<?xml version="1.0" encoding="UTF-8"?>
<testsuite name="modelTest.MenuImplTest" tests="1" skipped="0" failures="0" errors="0" timestamp="2022-06-22T14:14:24" hostname="Sivasanjays-MacBook-Pro.local" time="0.019">
  <properties/>
  <testcase name="shouldReturnTwoFoodItemsInPurchasedHistory()" classname="modelTest.MenuImplTest" time="0.019"/>
  <system-out><![CDATA[]]></system-out>
  <system-err><![CDATA[]]></system-err>
</testsuite>
